<?xml version="1.0" encoding="UTF-8"?>
<testsuite name="edu.bsu.cs222.GradeFileTest" tests="3" skipped="0" failures="0" errors="0" timestamp="2021-02-01T07:51:21" hostname="REGGIES-LAPTOP" time="0.046">
  <properties/>
  <testcase name="testParse_invalidFile_throwsCheckedException()" classname="edu.bsu.cs222.GradeFileTest" time="0.036"/>
  <testcase name="testParse_emptyFile_emptyList()" classname="edu.bsu.cs222.GradeFileTest" time="0.004"/>
  <testcase name="testParse_threeItems_sizeIsThree()" classname="edu.bsu.cs222.GradeFileTest" time="0.004"/>
  <system-out><![CDATA[]]></system-out>
  <system-err><![CDATA[]]></system-err>
</testsuite>
